{"/Users/oliver/Desktop/megawash-mash/src/index.ts": {"path":"/Users/oliver/Desktop/megawash-mash/src/index.ts","statementMap":{"0":{"start":{"line":1,"column":0},"end":{"line":1,"column":40}},"1":{"start":{"line":2,"column":0},"end":{"line":2,"column":71}},"2":{"start":{"line":3,"column":0},"end":{"line":3,"column":40}},"3":{"start":{"line":5,"column":0},"end":{"line":17,"column":null}},"4":{"start":{"line":6,"column":21},"end":{"line":6,"column":80}},"5":{"start":{"line":8,"column":4},"end":{"line":10,"column":null}},"6":{"start":{"line":9,"column":8},"end":{"line":9,"column":null}},"7":{"start":{"line":11,"column":4},"end":{"line":13,"column":null}},"8":{"start":{"line":12,"column":8},"end":{"line":12,"column":null}},"9":{"start":{"line":14,"column":4},"end":{"line":16,"column":null}},"10":{"start":{"line":15,"column":8},"end":{"line":15,"column":14}}},"fnMap":{},"branchMap":{"0":{"loc":{"start":{"line":8,"column":4},"end":{"line":10,"column":null}},"type":"if","locations":[{"start":{"line":8,"column":4},"end":{"line":10,"column":null}}]},"1":{"loc":{"start":{"line":11,"column":4},"end":{"line":13,"column":null}},"type":"if","locations":[{"start":{"line":11,"column":4},"end":{"line":13,"column":null}}]},"2":{"loc":{"start":{"line":14,"column":4},"end":{"line":16,"column":null}},"type":"if","locations":[{"start":{"line":14,"column":4},"end":{"line":16,"column":null}}]}},"s":{"0":0,"1":0,"2":0,"3":0,"4":0,"5":0,"6":0,"7":0,"8":0,"9":0,"10":0},"f":{},"b":{"0":[0],"1":[0],"2":[0]}}
,"/Users/oliver/Desktop/megawash-mash/src/cards/cards.transformer.ts": {"path":"/Users/oliver/Desktop/megawash-mash/src/cards/cards.transformer.ts","statementMap":{"0":{"start":{"line":4,"column":48},"end":{"line":11,"column":2}},"1":{"start":{"line":14,"column":37},"end":{"line":20,"column":1}},"2":{"start":{"line":15,"column":4},"end":{"line":18,"column":null}},"3":{"start":{"line":16,"column":8},"end":{"line":16,"column":null}},"4":{"start":{"line":17,"column":8},"end":{"line":17,"column":null}},"5":{"start":{"line":19,"column":4},"end":{"line":19,"column":null}},"6":{"start":{"line":14,"column":13},"end":{"line":14,"column":37}},"7":{"start":{"line":22,"column":36},"end":{"line":25,"column":1}},"8":{"start":{"line":23,"column":30},"end":{"line":23,"column":47}},"9":{"start":{"line":24,"column":4},"end":{"line":24,"column":null}},"10":{"start":{"line":22,"column":13},"end":{"line":22,"column":36}},"11":{"start":{"line":27,"column":32},"end":{"line":30,"column":1}},"12":{"start":{"line":28,"column":26},"end":{"line":28,"column":41}},"13":{"start":{"line":29,"column":4},"end":{"line":29,"column":null}},"14":{"start":{"line":27,"column":13},"end":{"line":27,"column":32}},"15":{"start":{"line":32,"column":37},"end":{"line":65,"column":1}},"16":{"start":{"line":33,"column":17},"end":{"line":33,"column":31}},"17":{"start":{"line":34,"column":18},"end":{"line":34,"column":33}},"18":{"start":{"line":35,"column":16},"end":{"line":35,"column":39}},"19":{"start":{"line":36,"column":25},"end":{"line":36,"column":47}},"20":{"start":{"line":37,"column":27},"end":{"line":37,"column":61}},"21":{"start":{"line":38,"column":21},"end":{"line":38,"column":51}},"22":{"start":{"line":40,"column":4},"end":{"line":43,"column":null}},"23":{"start":{"line":41,"column":8},"end":{"line":41,"column":null}},"24":{"start":{"line":42,"column":8},"end":{"line":42,"column":null}},"25":{"start":{"line":44,"column":4},"end":{"line":47,"column":null}},"26":{"start":{"line":45,"column":8},"end":{"line":45,"column":null}},"27":{"start":{"line":46,"column":8},"end":{"line":46,"column":null}},"28":{"start":{"line":48,"column":4},"end":{"line":51,"column":null}},"29":{"start":{"line":49,"column":8},"end":{"line":49,"column":null}},"30":{"start":{"line":50,"column":8},"end":{"line":50,"column":null}},"31":{"start":{"line":52,"column":4},"end":{"line":55,"column":null}},"32":{"start":{"line":53,"column":8},"end":{"line":53,"column":null}},"33":{"start":{"line":54,"column":8},"end":{"line":54,"column":null}},"34":{"start":{"line":57,"column":4},"end":{"line":64,"column":null}},"35":{"start":{"line":32,"column":13},"end":{"line":32,"column":37}}},"fnMap":{"0":{"name":"(anonymous_0)","decl":{"start":{"line":14,"column":37},"end":{"line":14,"column":38}},"loc":{"start":{"line":14,"column":70},"end":{"line":20,"column":1}}},"1":{"name":"(anonymous_1)","decl":{"start":{"line":22,"column":36},"end":{"line":22,"column":37}},"loc":{"start":{"line":22,"column":70},"end":{"line":25,"column":1}}},"2":{"name":"(anonymous_2)","decl":{"start":{"line":27,"column":32},"end":{"line":27,"column":33}},"loc":{"start":{"line":27,"column":62},"end":{"line":30,"column":1}}},"3":{"name":"(anonymous_3)","decl":{"start":{"line":32,"column":37},"end":{"line":32,"column":38}},"loc":{"start":{"line":32,"column":177},"end":{"line":65,"column":1}}}},"branchMap":{"0":{"loc":{"start":{"line":15,"column":4},"end":{"line":18,"column":null}},"type":"if","locations":[{"start":{"line":15,"column":4},"end":{"line":18,"column":null}}]},"1":{"loc":{"start":{"line":19,"column":63},"end":{"line":19,"column":94}},"type":"cond-expr","locations":[{"start":{"line":19,"column":88},"end":{"line":19,"column":92}},{"start":{"line":19,"column":92},"end":{"line":19,"column":94}}]},"2":{"loc":{"start":{"line":19,"column":63},"end":{"line":19,"column":92}},"type":"binary-expr","locations":[{"start":{"line":19,"column":63},"end":{"line":19,"column":92}},{"start":{"line":19,"column":88},"end":{"line":19,"column":92}}]},"3":{"loc":{"start":{"line":40,"column":4},"end":{"line":43,"column":null}},"type":"if","locations":[{"start":{"line":40,"column":4},"end":{"line":43,"column":null}}]},"4":{"loc":{"start":{"line":44,"column":4},"end":{"line":47,"column":null}},"type":"if","locations":[{"start":{"line":44,"column":4},"end":{"line":47,"column":null}}]},"5":{"loc":{"start":{"line":48,"column":4},"end":{"line":51,"column":null}},"type":"if","locations":[{"start":{"line":48,"column":4},"end":{"line":51,"column":null}}]},"6":{"loc":{"start":{"line":52,"column":4},"end":{"line":55,"column":null}},"type":"if","locations":[{"start":{"line":52,"column":4},"end":{"line":55,"column":null}}]}},"s":{"0":3,"1":3,"2":88,"3":1,"4":1,"5":87,"6":3,"7":3,"8":182,"9":182,"10":3,"11":3,"12":90,"13":90,"14":3,"15":3,"16":89,"17":89,"18":89,"19":89,"20":89,"21":89,"22":89,"23":1,"24":1,"25":88,"26":1,"27":1,"28":87,"29":1,"30":1,"31":86,"32":1,"33":1,"34":85,"35":3},"f":{"0":88,"1":182,"2":90,"3":89},"b":{"0":[1],"1":[87,0],"2":[87,87],"3":[1],"4":[1],"5":[1],"6":[1]}}
,"/Users/oliver/Desktop/megawash-mash/src/cards/cards.ts": {"path":"/Users/oliver/Desktop/megawash-mash/src/cards/cards.ts","statementMap":{"0":{"start":{"line":1,"column":0},"end":{"line":1,"column":19}},"1":{"start":{"line":2,"column":0},"end":{"line":2,"column":40}},"2":{"start":{"line":3,"column":0},"end":{"line":3,"column":70}},"3":{"start":{"line":4,"column":0},"end":{"line":4,"column":59}},"4":{"start":{"line":15,"column":16},"end":{"line":15,"column":39}},"5":{"start":{"line":17,"column":24},"end":{"line":31,"column":1}},"6":{"start":{"line":18,"column":4},"end":{"line":30,"column":null}},"7":{"start":{"line":19,"column":28},"end":{"line":19,"column":52}},"8":{"start":{"line":20,"column":26},"end":{"line":20,"column":60}},"9":{"start":{"line":21,"column":27},"end":{"line":21,"column":45}},"10":{"start":{"line":23,"column":32},"end":{"line":26,"column":40}},"11":{"start":{"line":24,"column":27},"end":{"line":24,"column":42}},"12":{"start":{"line":25,"column":12},"end":{"line":25,"column":null}},"13":{"start":{"line":26,"column":26},"end":{"line":26,"column":39}},"14":{"start":{"line":27,"column":8},"end":{"line":27,"column":null}},"15":{"start":{"line":29,"column":8},"end":{"line":29,"column":null}},"16":{"start":{"line":17,"column":13},"end":{"line":17,"column":24}},"17":{"start":{"line":33,"column":23},"end":{"line":59,"column":1}},"18":{"start":{"line":34,"column":4},"end":{"line":58,"column":null}},"19":{"start":{"line":35,"column":26},"end":{"line":35,"column":62}},"20":{"start":{"line":36,"column":27},"end":{"line":36,"column":64}},"21":{"start":{"line":37,"column":25},"end":{"line":37,"column":55}},"22":{"start":{"line":38,"column":34},"end":{"line":38,"column":74}},"23":{"start":{"line":39,"column":36},"end":{"line":39,"column":78}},"24":{"start":{"line":40,"column":30},"end":{"line":40,"column":65}},"25":{"start":{"line":42,"column":21},"end":{"line":42,"column":130}},"26":{"start":{"line":44,"column":8},"end":{"line":54,"column":null}},"27":{"start":{"line":45,"column":12},"end":{"line":47,"column":null}},"28":{"start":{"line":46,"column":16},"end":{"line":46,"column":null}},"29":{"start":{"line":48,"column":67},"end":{"line":48,"column":71}},"30":{"start":{"line":49,"column":12},"end":{"line":49,"column":null}},"31":{"start":{"line":50,"column":12},"end":{"line":50,"column":135}},"32":{"start":{"line":51,"column":12},"end":{"line":51,"column":null}},"33":{"start":{"line":53,"column":12},"end":{"line":53,"column":null}},"34":{"start":{"line":56,"column":30},"end":{"line":56,"column":73}},"35":{"start":{"line":57,"column":8},"end":{"line":57,"column":47}},"36":{"start":{"line":57,"column":41},"end":{"line":57,"column":47}},"37":{"start":{"line":33,"column":13},"end":{"line":33,"column":23}}},"fnMap":{"0":{"name":"(anonymous_1)","decl":{"start":{"line":17,"column":24},"end":{"line":17,"column":35}},"loc":{"start":{"line":17,"column":37},"end":{"line":31,"column":1}}},"1":{"name":"(anonymous_2)","decl":{"start":{"line":23,"column":47},"end":{"line":23,"column":51}},"loc":{"start":{"line":23,"column":54},"end":{"line":26,"column":9}}},"2":{"name":"(anonymous_3)","decl":{"start":{"line":26,"column":18},"end":{"line":26,"column":22}},"loc":{"start":{"line":26,"column":26},"end":{"line":26,"column":39}}},"3":{"name":"(anonymous_4)","decl":{"start":{"line":33,"column":23},"end":{"line":33,"column":26}},"loc":{"start":{"line":33,"column":28},"end":{"line":59,"column":1}}}},"branchMap":{"0":{"loc":{"start":{"line":45,"column":12},"end":{"line":47,"column":null}},"type":"if","locations":[{"start":{"line":45,"column":12},"end":{"line":47,"column":null}}]},"1":{"loc":{"start":{"line":57,"column":8},"end":{"line":57,"column":47}},"type":"if","locations":[{"start":{"line":57,"column":8},"end":{"line":57,"column":47}}]}},"s":{"0":2,"1":2,"2":2,"3":2,"4":2,"5":2,"6":2,"7":2,"8":2,"9":2,"10":2,"11":83,"12":83,"13":83,"14":2,"15":0,"16":2,"17":2,"18":1,"19":1,"20":1,"21":1,"22":1,"23":1,"24":1,"25":1,"26":1,"27":1,"28":0,"29":1,"30":1,"31":1,"32":1,"33":0,"34":1,"35":1,"36":1,"37":2},"f":{"0":2,"1":83,"2":83,"3":1},"b":{"0":[0],"1":[1]}}
,"/Users/oliver/Desktop/megawash-mash/src/cards/mock-cards.ts": {"path":"/Users/oliver/Desktop/megawash-mash/src/cards/mock-cards.ts","statementMap":{"0":{"start":{"line":3,"column":13},"end":{"line":20,"column":null}}},"fnMap":{},"branchMap":{},"s":{"0":2},"f":{},"b":{}}
,"/Users/oliver/Desktop/megawash-mash/src/dialogue/dialogue.ts": {"path":"/Users/oliver/Desktop/megawash-mash/src/dialogue/dialogue.ts","statementMap":{"0":{"start":{"line":1,"column":0},"end":{"line":1,"column":40}},"1":{"start":{"line":3,"column":23},"end":{"line":16,"column":1}},"2":{"start":{"line":4,"column":29},"end":{"line":4,"column":48}},"3":{"start":{"line":5,"column":17},"end":{"line":5,"column":19}},"4":{"start":{"line":6,"column":16},"end":{"line":6,"column":21}},"5":{"start":{"line":7,"column":4},"end":{"line":13,"column":null}},"6":{"start":{"line":7,"column":57},"end":{"line":7,"column":107}},"7":{"start":{"line":8,"column":8},"end":{"line":10,"column":null}},"8":{"start":{"line":9,"column":12},"end":{"line":9,"column":null}},"9":{"start":{"line":11,"column":8},"end":{"line":11,"column":null}},"10":{"start":{"line":12,"column":8},"end":{"line":12,"column":null}},"11":{"start":{"line":15,"column":4},"end":{"line":15,"column":null}},"12":{"start":{"line":18,"column":0},"end":{"line":18,"column":null}},"13":{"start":{"line":22,"column":25},"end":{"line":22,"column":75}},"14":{"start":{"line":25,"column":31},"end":{"line":25,"column":70}},"15":{"start":{"line":28,"column":24},"end":{"line":28,"column":103}},"16":{"start":{"line":28,"column":71},"end":{"line":28,"column":91}},"17":{"start":{"line":31,"column":25},"end":{"line":31,"column":65}},"18":{"start":{"line":34,"column":13},"end":{"line":34,"column":null}},"19":{"start":{"line":37,"column":13},"end":{"line":37,"column":null}},"20":{"start":{"line":40,"column":13},"end":{"line":40,"column":null}},"21":{"start":{"line":43,"column":13},"end":{"line":72,"column":null}}},"fnMap":{"0":{"name":"(anonymous_1)","decl":{"start":{"line":3,"column":23},"end":{"line":3,"column":155}},"loc":{"start":{"line":3,"column":212},"end":{"line":16,"column":1}}},"1":{"name":"(anonymous_2)","decl":{"start":{"line":7,"column":42},"end":{"line":7,"column":53}},"loc":{"start":{"line":7,"column":57},"end":{"line":7,"column":107}}},"2":{"name":"(anonymous_3)","decl":{"start":{"line":28,"column":57},"end":{"line":28,"column":58}},"loc":{"start":{"line":28,"column":71},"end":{"line":28,"column":91}}}},"branchMap":{"0":{"loc":{"start":{"line":3,"column":189},"end":{"line":3,"column":205}},"type":"default-arg","locations":[{"start":{"line":3,"column":201},"end":{"line":3,"column":205}}]},"1":{"loc":{"start":{"line":8,"column":8},"end":{"line":10,"column":null}},"type":"if","locations":[{"start":{"line":8,"column":8},"end":{"line":10,"column":null}}]},"2":{"loc":{"start":{"line":15,"column":11},"end":{"line":15,"column":62}},"type":"cond-expr","locations":[{"start":{"line":15,"column":23},"end":{"line":15,"column":48}},{"start":{"line":15,"column":51},"end":{"line":15,"column":62}}]}},"s":{"0":3,"1":3,"2":3,"3":3,"4":3,"5":3,"6":24,"7":4,"8":1,"9":4,"10":4,"11":3,"12":3,"13":3,"14":3,"15":3,"16":273,"17":3,"18":3,"19":3,"20":3,"21":3},"f":{"0":3,"1":24,"2":273},"b":{"0":[3],"1":[1],"2":[3,0]}}
,"/Users/oliver/Desktop/megawash-mash/src/game/game.ts": {"path":"/Users/oliver/Desktop/megawash-mash/src/game/game.ts","statementMap":{"0":{"start":{"line":1,"column":0},"end":{"line":1,"column":101}},"1":{"start":{"line":2,"column":0},"end":{"line":2,"column":47}},"2":{"start":{"line":3,"column":0},"end":{"line":3,"column":173}},"3":{"start":{"line":4,"column":0},"end":{"line":4,"column":40}},"4":{"start":{"line":14,"column":8},"end":{"line":14,"column":null}},"5":{"start":{"line":15,"column":8},"end":{"line":15,"column":null}},"6":{"start":{"line":16,"column":8},"end":{"line":16,"column":null}},"7":{"start":{"line":17,"column":8},"end":{"line":17,"column":null}},"8":{"start":{"line":21,"column":8},"end":{"line":21,"column":null}},"9":{"start":{"line":22,"column":8},"end":{"line":22,"column":null}},"10":{"start":{"line":23,"column":8},"end":{"line":23,"column":null}},"11":{"start":{"line":24,"column":8},"end":{"line":24,"column":null}},"12":{"start":{"line":25,"column":8},"end":{"line":25,"column":null}},"13":{"start":{"line":26,"column":8},"end":{"line":26,"column":null}},"14":{"start":{"line":27,"column":8},"end":{"line":27,"column":null}},"15":{"start":{"line":31,"column":8},"end":{"line":39,"column":null}},"16":{"start":{"line":31,"column":30},"end":{"line":31,"column":31}},"17":{"start":{"line":32,"column":12},"end":{"line":32,"column":null}},"18":{"start":{"line":33,"column":26},"end":{"line":33,"column":69}},"19":{"start":{"line":34,"column":12},"end":{"line":34,"column":38}},"20":{"start":{"line":34,"column":32},"end":{"line":34,"column":38}},"21":{"start":{"line":35,"column":12},"end":{"line":35,"column":null}},"22":{"start":{"line":36,"column":12},"end":{"line":36,"column":null}},"23":{"start":{"line":37,"column":12},"end":{"line":37,"column":null}},"24":{"start":{"line":38,"column":12},"end":{"line":38,"column":48}},"25":{"start":{"line":38,"column":42},"end":{"line":38,"column":48}},"26":{"start":{"line":43,"column":31},"end":{"line":43,"column":64}},"27":{"start":{"line":44,"column":30},"end":{"line":44,"column":64}},"28":{"start":{"line":45,"column":8},"end":{"line":45,"column":null}},"29":{"start":{"line":46,"column":8},"end":{"line":46,"column":null}},"30":{"start":{"line":50,"column":8},"end":{"line":50,"column":null}},"31":{"start":{"line":54,"column":8},"end":{"line":54,"column":null}},"32":{"start":{"line":55,"column":8},"end":{"line":57,"column":null}},"33":{"start":{"line":56,"column":12},"end":{"line":56,"column":null}},"34":{"start":{"line":58,"column":8},"end":{"line":58,"column":null}},"35":{"start":{"line":62,"column":8},"end":{"line":62,"column":null}},"36":{"start":{"line":66,"column":24},"end":{"line":66,"column":54}},"37":{"start":{"line":67,"column":8},"end":{"line":69,"column":null}},"38":{"start":{"line":67,"column":21},"end":{"line":67,"column":22}},"39":{"start":{"line":68,"column":12},"end":{"line":68,"column":null}},"40":{"start":{"line":70,"column":8},"end":{"line":70,"column":null}},"41":{"start":{"line":74,"column":8},"end":{"line":74,"column":null}},"42":{"start":{"line":78,"column":8},"end":{"line":78,"column":null}},"43":{"start":{"line":79,"column":8},"end":{"line":79,"column":null}},"44":{"start":{"line":79,"column":56},"end":{"line":79,"column":null}},"45":{"start":{"line":83,"column":30},"end":{"line":83,"column":96}},"46":{"start":{"line":83,"column":58},"end":{"line":83,"column":95}},"47":{"start":{"line":84,"column":8},"end":{"line":84,"column":null}},"48":{"start":{"line":85,"column":8},"end":{"line":85,"column":null}},"49":{"start":{"line":89,"column":43},"end":{"line":89,"column":94}},"50":{"start":{"line":91,"column":8},"end":{"line":93,"column":null}},"51":{"start":{"line":92,"column":12},"end":{"line":92,"column":null}},"52":{"start":{"line":97,"column":31},"end":{"line":97,"column":37}},"53":{"start":{"line":98,"column":30},"end":{"line":98,"column":187}},"54":{"start":{"line":99,"column":8},"end":{"line":99,"column":null}},"55":{"start":{"line":100,"column":8},"end":{"line":100,"column":null}},"56":{"start":{"line":104,"column":50},"end":{"line":104,"column":114}},"57":{"start":{"line":105,"column":30},"end":{"line":105,"column":73}},"58":{"start":{"line":106,"column":7},"end":{"line":109,"column":null}},"59":{"start":{"line":107,"column":8},"end":{"line":107,"column":null}},"60":{"start":{"line":108,"column":8},"end":{"line":108,"column":null}},"61":{"start":{"line":110,"column":22},"end":{"line":110,"column":44}},"62":{"start":{"line":111,"column":7},"end":{"line":111,"column":null}},"63":{"start":{"line":112,"column":7},"end":{"line":112,"column":null}},"64":{"start":{"line":116,"column":39},"end":{"line":116,"column":41}},"65":{"start":{"line":117,"column":8},"end":{"line":120,"column":null}},"66":{"start":{"line":118,"column":12},"end":{"line":118,"column":null}},"67":{"start":{"line":119,"column":12},"end":{"line":119,"column":null}},"68":{"start":{"line":121,"column":36},"end":{"line":121,"column":77}},"69":{"start":{"line":122,"column":8},"end":{"line":124,"column":null}},"70":{"start":{"line":123,"column":12},"end":{"line":123,"column":null}},"71":{"start":{"line":123,"column":140},"end":{"line":123,"column":144}},"72":{"start":{"line":125,"column":8},"end":{"line":125,"column":null}},"73":{"start":{"line":126,"column":32},"end":{"line":126,"column":70}},"74":{"start":{"line":127,"column":30},"end":{"line":127,"column":132}},"75":{"start":{"line":127,"column":66},"end":{"line":127,"column":132}},"76":{"start":{"line":128,"column":8},"end":{"line":131,"column":null}},"77":{"start":{"line":129,"column":43},"end":{"line":129,"column":126}},"78":{"start":{"line":135,"column":8},"end":{"line":135,"column":null}},"79":{"start":{"line":136,"column":8},"end":{"line":136,"column":null}},"80":{"start":{"line":6,"column":0},"end":{"line":6,"column":21}},"81":{"start":{"line":141,"column":25},"end":{"line":150,"column":1}},"82":{"start":{"line":142,"column":4},"end":{"line":149,"column":null}},"83":{"start":{"line":143,"column":32},"end":{"line":143,"column":89}},"84":{"start":{"line":144,"column":25},"end":{"line":144,"column":68}},"85":{"start":{"line":145,"column":21},"end":{"line":145,"column":108}},"86":{"start":{"line":146,"column":8},"end":{"line":146,"column":null}},"87":{"start":{"line":147,"column":32},"end":{"line":147,"column":77}},"88":{"start":{"line":148,"column":8},"end":{"line":148,"column":49}},"89":{"start":{"line":148,"column":43},"end":{"line":148,"column":49}},"90":{"start":{"line":141,"column":13},"end":{"line":141,"column":25}}},"fnMap":{"0":{"name":"(anonymous_6)","decl":{"start":{"line":13,"column":4},"end":{"line":13,"column":17}},"loc":{"start":{"line":13,"column":77},"end":{"line":18,"column":5}}},"1":{"name":"(anonymous_7)","decl":{"start":{"line":20,"column":4},"end":{"line":20,"column":9}},"loc":{"start":{"line":20,"column":9},"end":{"line":28,"column":5}}},"2":{"name":"(anonymous_8)","decl":{"start":{"line":30,"column":12},"end":{"line":30,"column":20}},"loc":{"start":{"line":30,"column":20},"end":{"line":40,"column":5}}},"3":{"name":"(anonymous_9)","decl":{"start":{"line":42,"column":12},"end":{"line":42,"column":20}},"loc":{"start":{"line":42,"column":20},"end":{"line":47,"column":5}}},"4":{"name":"(anonymous_10)","decl":{"start":{"line":49,"column":12},"end":{"line":49,"column":27}},"loc":{"start":{"line":49,"column":46},"end":{"line":51,"column":5}}},"5":{"name":"(anonymous_11)","decl":{"start":{"line":53,"column":12},"end":{"line":53,"column":28}},"loc":{"start":{"line":53,"column":28},"end":{"line":59,"column":5}}},"6":{"name":"(anonymous_12)","decl":{"start":{"line":55,"column":29},"end":{"line":55,"column":35}},"loc":{"start":{"line":55,"column":38},"end":{"line":57,"column":9}}},"7":{"name":"(anonymous_13)","decl":{"start":{"line":61,"column":12},"end":{"line":61,"column":32}},"loc":{"start":{"line":61,"column":32},"end":{"line":63,"column":5}}},"8":{"name":"(anonymous_14)","decl":{"start":{"line":65,"column":12},"end":{"line":65,"column":23}},"loc":{"start":{"line":65,"column":23},"end":{"line":71,"column":5}}},"9":{"name":"(anonymous_15)","decl":{"start":{"line":73,"column":12},"end":{"line":73,"column":24}},"loc":{"start":{"line":73,"column":24},"end":{"line":75,"column":5}}},"10":{"name":"(anonymous_16)","decl":{"start":{"line":77,"column":12},"end":{"line":77,"column":35}},"loc":{"start":{"line":77,"column":35},"end":{"line":80,"column":5}}},"11":{"name":"(anonymous_17)","decl":{"start":{"line":82,"column":12},"end":{"line":82,"column":31}},"loc":{"start":{"line":82,"column":31},"end":{"line":86,"column":5}}},"12":{"name":"(anonymous_18)","decl":{"start":{"line":83,"column":48},"end":{"line":83,"column":49}},"loc":{"start":{"line":83,"column":58},"end":{"line":83,"column":95}}},"13":{"name":"(anonymous_19)","decl":{"start":{"line":88,"column":12},"end":{"line":88,"column":21}},"loc":{"start":{"line":88,"column":21},"end":{"line":94,"column":5}}},"14":{"name":"(anonymous_20)","decl":{"start":{"line":91,"column":29},"end":{"line":91,"column":30}},"loc":{"start":{"line":91,"column":47},"end":{"line":93,"column":9}}},"15":{"name":"(anonymous_21)","decl":{"start":{"line":96,"column":12},"end":{"line":96,"column":25}},"loc":{"start":{"line":96,"column":41},"end":{"line":101,"column":5}}},"16":{"name":"(anonymous_22)","decl":{"start":{"line":103,"column":12},"end":{"line":103,"column":22}},"loc":{"start":{"line":103,"column":115},"end":{"line":113,"column":5}}},"17":{"name":"(anonymous_23)","decl":{"start":{"line":115,"column":12},"end":{"line":115,"column":47}},"loc":{"start":{"line":115,"column":103},"end":{"line":132,"column":5}}},"18":{"name":"(anonymous_24)","decl":{"start":{"line":117,"column":24},"end":{"line":117,"column":30}},"loc":{"start":{"line":117,"column":33},"end":{"line":120,"column":9}}},"19":{"name":"(anonymous_25)","decl":{"start":{"line":123,"column":126},"end":{"line":123,"column":127}},"loc":{"start":{"line":123,"column":140},"end":{"line":123,"column":144}}},"20":{"name":"(anonymous_26)","decl":{"start":{"line":127,"column":56},"end":{"line":127,"column":57}},"loc":{"start":{"line":127,"column":65},"end":{"line":127,"column":132}}},"21":{"name":"(anonymous_27)","decl":{"start":{"line":129,"column":33},"end":{"line":129,"column":39}},"loc":{"start":{"line":129,"column":43},"end":{"line":129,"column":126}}},"22":{"name":"(anonymous_28)","decl":{"start":{"line":134,"column":12},"end":{"line":134,"column":24}},"loc":{"start":{"line":134,"column":64},"end":{"line":137,"column":5}}},"23":{"name":"(anonymous_29)","decl":{"start":{"line":141,"column":25},"end":{"line":141,"column":28}},"loc":{"start":{"line":141,"column":30},"end":{"line":150,"column":1}}}},"branchMap":{"0":{"loc":{"start":{"line":13,"column":42},"end":{"line":13,"column":77}},"type":"default-arg","locations":[{"start":{"line":13,"column":61},"end":{"line":13,"column":77}}]},"1":{"loc":{"start":{"line":34,"column":12},"end":{"line":34,"column":38}},"type":"if","locations":[{"start":{"line":34,"column":12},"end":{"line":34,"column":38}}]},"2":{"loc":{"start":{"line":38,"column":12},"end":{"line":38,"column":48}},"type":"if","locations":[{"start":{"line":38,"column":12},"end":{"line":38,"column":48}}]},"3":{"loc":{"start":{"line":79,"column":8},"end":{"line":79,"column":null}},"type":"if","locations":[{"start":{"line":79,"column":8},"end":{"line":79,"column":null}}]},"4":{"loc":{"start":{"line":98,"column":30},"end":{"line":98,"column":187}},"type":"cond-expr","locations":[{"start":{"line":98,"column":49},"end":{"line":98,"column":109}},{"start":{"line":98,"column":112},"end":{"line":98,"column":187}}]},"5":{"loc":{"start":{"line":103,"column":80},"end":{"line":103,"column":115}},"type":"default-arg","locations":[{"start":{"line":103,"column":113},"end":{"line":103,"column":115}}]},"6":{"loc":{"start":{"line":106,"column":7},"end":{"line":109,"column":null}},"type":"if","locations":[{"start":{"line":106,"column":7},"end":{"line":109,"column":null}}]},"7":{"loc":{"start":{"line":118,"column":81},"end":{"line":118,"column":117}},"type":"cond-expr","locations":[{"start":{"line":118,"column":100},"end":{"line":118,"column":103}},{"start":{"line":118,"column":100},"end":{"line":118,"column":117}}]},"8":{"loc":{"start":{"line":118,"column":81},"end":{"line":118,"column":103}},"type":"binary-expr","locations":[{"start":{"line":118,"column":81},"end":{"line":118,"column":103}},{"start":{"line":118,"column":100},"end":{"line":118,"column":103}}]},"9":{"loc":{"start":{"line":122,"column":8},"end":{"line":124,"column":null}},"type":"if","locations":[{"start":{"line":122,"column":8},"end":{"line":124,"column":null}}]},"10":{"loc":{"start":{"line":127,"column":66},"end":{"line":127,"column":97}},"type":"cond-expr","locations":[{"start":{"line":127,"column":80},"end":{"line":127,"column":83}},{"start":{"line":127,"column":80},"end":{"line":127,"column":97}}]},"11":{"loc":{"start":{"line":127,"column":66},"end":{"line":127,"column":83}},"type":"binary-expr","locations":[{"start":{"line":127,"column":66},"end":{"line":127,"column":83}},{"start":{"line":127,"column":80},"end":{"line":127,"column":83}}]},"12":{"loc":{"start":{"line":127,"column":100},"end":{"line":127,"column":131}},"type":"cond-expr","locations":[{"start":{"line":127,"column":114},"end":{"line":127,"column":117}},{"start":{"line":127,"column":114},"end":{"line":127,"column":131}}]},"13":{"loc":{"start":{"line":127,"column":100},"end":{"line":127,"column":117}},"type":"binary-expr","locations":[{"start":{"line":127,"column":100},"end":{"line":127,"column":117}},{"start":{"line":127,"column":114},"end":{"line":127,"column":117}}]},"14":{"loc":{"start":{"line":145,"column":57},"end":{"line":145,"column":107}},"type":"cond-expr","locations":[{"start":{"line":145,"column":77},"end":{"line":145,"column":86}},{"start":{"line":145,"column":89},"end":{"line":145,"column":107}}]},"15":{"loc":{"start":{"line":148,"column":8},"end":{"line":148,"column":49}},"type":"if","locations":[{"start":{"line":148,"column":8},"end":{"line":148,"column":49}}]}},"s":{"0":1,"1":1,"2":1,"3":1,"4":1,"5":1,"6":1,"7":1,"8":0,"9":0,"10":0,"11":0,"12":0,"13":0,"14":0,"15":0,"16":0,"17":0,"18":0,"19":0,"20":0,"21":0,"22":0,"23":0,"24":0,"25":0,"26":0,"27":0,"28":0,"29":0,"30":1,"31":2,"32":2,"33":3,"34":2,"35":2,"36":4,"37":4,"38":4,"39":8,"40":4,"41":2,"42":1,"43":1,"44":1,"45":1,"46":2,"47":1,"48":1,"49":2,"50":2,"51":6,"52":0,"53":0,"54":0,"55":0,"56":0,"57":0,"58":0,"59":0,"60":0,"61":0,"62":0,"63":0,"64":0,"65":0,"66":0,"67":0,"68":0,"69":0,"70":0,"71":0,"72":0,"73":0,"74":0,"75":0,"76":0,"77":0,"78":0,"79":0,"80":1,"81":1,"82":0,"83":0,"84":0,"85":0,"86":0,"87":0,"88":0,"89":0,"90":1},"f":{"0":1,"1":0,"2":0,"3":0,"4":1,"5":2,"6":3,"7":2,"8":4,"9":2,"10":1,"11":1,"12":2,"13":2,"14":6,"15":0,"16":0,"17":0,"18":0,"19":0,"20":0,"21":0,"22":0,"23":0},"b":{"0":[1],"1":[0],"2":[0],"3":[1],"4":[0,0],"5":[0],"6":[0],"7":[0,0],"8":[0,0],"9":[0],"10":[0,0],"11":[0,0],"12":[0,0],"13":[0,0],"14":[0,0],"15":[0]}}
,"/Users/oliver/Desktop/megawash-mash/src/player/player.ts": {"path":"/Users/oliver/Desktop/megawash-mash/src/player/player.ts","statementMap":{"0":{"start":{"line":18,"column":12},"end":{"line":18,"column":null}},"1":{"start":{"line":22,"column":8},"end":{"line":22,"column":null}},"2":{"start":{"line":23,"column":8},"end":{"line":23,"column":null}},"3":{"start":{"line":27,"column":8},"end":{"line":27,"column":null}},"4":{"start":{"line":31,"column":8},"end":{"line":31,"column":null}},"5":{"start":{"line":35,"column":8},"end":{"line":35,"column":null}},"6":{"start":{"line":39,"column":18},"end":{"line":39,"column":45}},"7":{"start":{"line":40,"column":8},"end":{"line":40,"column":null}},"8":{"start":{"line":41,"column":8},"end":{"line":41,"column":null}},"9":{"start":{"line":45,"column":8},"end":{"line":45,"column":null}},"10":{"start":{"line":15,"column":0},"end":{"line":15,"column":21}},"11":{"start":{"line":50,"column":41},"end":{"line":50,"column":89}},"12":{"start":{"line":50,"column":62},"end":{"line":50,"column":89}},"13":{"start":{"line":50,"column":13},"end":{"line":50,"column":41}},"14":{"start":{"line":51,"column":38},"end":{"line":51,"column":86}},"15":{"start":{"line":51,"column":59},"end":{"line":51,"column":86}},"16":{"start":{"line":51,"column":13},"end":{"line":51,"column":38}}},"fnMap":{"0":{"name":"(anonymous_0)","decl":{"start":{"line":21,"column":4},"end":{"line":21,"column":17}},"loc":{"start":{"line":21,"column":47},"end":{"line":24,"column":5}}},"1":{"name":"(anonymous_1)","decl":{"start":{"line":26,"column":4},"end":{"line":26,"column":12}},"loc":{"start":{"line":26,"column":27},"end":{"line":28,"column":5}}},"2":{"name":"(anonymous_2)","decl":{"start":{"line":30,"column":4},"end":{"line":30,"column":20}},"loc":{"start":{"line":30,"column":35},"end":{"line":32,"column":5}}},"3":{"name":"(anonymous_3)","decl":{"start":{"line":34,"column":4},"end":{"line":34,"column":14}},"loc":{"start":{"line":34,"column":14},"end":{"line":36,"column":5}}},"4":{"name":"(anonymous_4)","decl":{"start":{"line":38,"column":4},"end":{"line":38,"column":17}},"loc":{"start":{"line":38,"column":17},"end":{"line":42,"column":5}}},"5":{"name":"(anonymous_5)","decl":{"start":{"line":44,"column":4},"end":{"line":44,"column":17}},"loc":{"start":{"line":44,"column":17},"end":{"line":46,"column":5}}},"6":{"name":"(anonymous_6)","decl":{"start":{"line":50,"column":41},"end":{"line":50,"column":42}},"loc":{"start":{"line":50,"column":62},"end":{"line":50,"column":89}}},"7":{"name":"(anonymous_7)","decl":{"start":{"line":51,"column":38},"end":{"line":51,"column":39}},"loc":{"start":{"line":51,"column":59},"end":{"line":51,"column":86}}}},"branchMap":{},"s":{"0":14,"1":14,"2":14,"3":20,"4":1,"5":5,"6":4,"7":4,"8":4,"9":17,"10":2,"11":2,"12":0,"13":2,"14":2,"15":0,"16":2},"f":{"0":14,"1":20,"2":1,"3":5,"4":4,"5":17,"6":0,"7":0},"b":{}}
}
