TN:
SF:src/index.ts
FNF:0
FNH:0
DA:1,0
DA:2,0
DA:3,0
DA:5,0
DA:6,0
DA:8,0
DA:9,0
DA:11,0
DA:12,0
DA:14,0
DA:15,0
LF:11
LH:0
BRDA:8,0,0,0
BRDA:11,1,0,0
BRDA:14,2,0,0
BRF:3
BRH:0
end_of_record
TN:
SF:src/cards/cards.transformer.ts
FN:14,(anonymous_0)
FN:22,(anonymous_1)
FN:27,(anonymous_2)
FN:32,(anonymous_3)
FNF:4
FNH:4
FNDA:88,(anonymous_0)
FNDA:182,(anonymous_1)
FNDA:90,(anonymous_2)
FNDA:89,(anonymous_3)
DA:4,3
DA:14,3
DA:15,88
DA:16,1
DA:17,1
DA:19,87
DA:22,3
DA:23,182
DA:24,182
DA:27,3
DA:28,90
DA:29,90
DA:32,3
DA:33,89
DA:34,89
DA:35,89
DA:36,89
DA:37,89
DA:38,89
DA:40,89
DA:41,1
DA:42,1
DA:44,88
DA:45,1
DA:46,1
DA:48,87
DA:49,1
DA:50,1
DA:52,86
DA:53,1
DA:54,1
DA:57,85
LF:32
LH:32
BRDA:15,0,0,1
BRDA:19,1,0,87
BRDA:19,1,1,0
BRDA:19,2,0,87
BRDA:19,2,1,87
BRDA:40,3,0,1
BRDA:44,4,0,1
BRDA:48,5,0,1
BRDA:52,6,0,1
BRF:9
BRH:8
end_of_record
TN:
SF:src/cards/cards.ts
FN:17,(anonymous_1)
FN:23,(anonymous_2)
FN:26,(anonymous_3)
FN:33,(anonymous_4)
FNF:4
FNH:4
FNDA:2,(anonymous_1)
FNDA:83,(anonymous_2)
FNDA:83,(anonymous_3)
FNDA:1,(anonymous_4)
DA:1,2
DA:2,2
DA:3,2
DA:4,2
DA:15,2
DA:17,2
DA:18,2
DA:19,2
DA:20,2
DA:21,2
DA:23,2
DA:24,83
DA:25,83
DA:26,83
DA:27,2
DA:29,0
DA:33,2
DA:34,1
DA:35,1
DA:36,1
DA:37,1
DA:38,1
DA:39,1
DA:40,1
DA:42,1
DA:44,1
DA:45,1
DA:46,0
DA:48,1
DA:49,1
DA:50,1
DA:51,1
DA:53,0
DA:56,1
DA:57,1
LF:35
LH:32
BRDA:45,0,0,0
BRDA:57,1,0,1
BRF:2
BRH:1
end_of_record
TN:
SF:src/cards/mock-cards.ts
FNF:0
FNH:0
DA:3,2
LF:1
LH:1
BRF:0
BRH:0
end_of_record
TN:
SF:src/dialogue/dialogue.ts
FN:3,(anonymous_1)
FN:7,(anonymous_2)
FN:28,(anonymous_3)
FNF:3
FNH:3
FNDA:3,(anonymous_1)
FNDA:24,(anonymous_2)
FNDA:273,(anonymous_3)
DA:1,3
DA:3,3
DA:4,3
DA:5,3
DA:6,3
DA:7,24
DA:8,4
DA:9,1
DA:11,4
DA:12,4
DA:15,3
DA:18,3
DA:22,3
DA:25,3
DA:28,273
DA:31,3
DA:34,3
DA:37,3
DA:40,3
DA:43,3
LF:20
LH:20
BRDA:3,0,0,3
BRDA:8,1,0,1
BRDA:15,2,0,3
BRDA:15,2,1,0
BRF:4
BRH:3
end_of_record
TN:
SF:src/game/game.ts
FN:13,(anonymous_6)
FN:20,(anonymous_7)
FN:30,(anonymous_8)
FN:42,(anonymous_9)
FN:49,(anonymous_10)
FN:53,(anonymous_11)
FN:55,(anonymous_12)
FN:61,(anonymous_13)
FN:65,(anonymous_14)
FN:73,(anonymous_15)
FN:77,(anonymous_16)
FN:82,(anonymous_17)
FN:83,(anonymous_18)
FN:88,(anonymous_19)
FN:91,(anonymous_20)
FN:96,(anonymous_21)
FN:103,(anonymous_22)
FN:115,(anonymous_23)
FN:117,(anonymous_24)
FN:123,(anonymous_25)
FN:127,(anonymous_26)
FN:129,(anonymous_27)
FN:134,(anonymous_28)
FN:141,(anonymous_29)
FNF:24
FNH:12
FNDA:1,(anonymous_6)
FNDA:0,(anonymous_7)
FNDA:0,(anonymous_8)
FNDA:0,(anonymous_9)
FNDA:1,(anonymous_10)
FNDA:2,(anonymous_11)
FNDA:3,(anonymous_12)
FNDA:2,(anonymous_13)
FNDA:4,(anonymous_14)
FNDA:2,(anonymous_15)
FNDA:1,(anonymous_16)
FNDA:1,(anonymous_17)
FNDA:2,(anonymous_18)
FNDA:2,(anonymous_19)
FNDA:6,(anonymous_20)
FNDA:0,(anonymous_21)
FNDA:0,(anonymous_22)
FNDA:0,(anonymous_23)
FNDA:0,(anonymous_24)
FNDA:0,(anonymous_25)
FNDA:0,(anonymous_26)
FNDA:0,(anonymous_27)
FNDA:0,(anonymous_28)
FNDA:0,(anonymous_29)
DA:1,1
DA:2,1
DA:3,1
DA:4,1
DA:6,1
DA:14,1
DA:15,1
DA:16,1
DA:17,1
DA:21,0
DA:22,0
DA:23,0
DA:24,0
DA:25,0
DA:26,0
DA:27,0
DA:31,0
DA:32,0
DA:33,0
DA:34,0
DA:35,0
DA:36,0
DA:37,0
DA:38,0
DA:43,0
DA:44,0
DA:45,0
DA:46,0
DA:50,1
DA:54,2
DA:55,2
DA:56,3
DA:58,2
DA:62,2
DA:66,4
DA:67,4
DA:68,8
DA:70,4
DA:74,2
DA:78,1
DA:79,1
DA:83,2
DA:84,1
DA:85,1
DA:89,2
DA:91,2
DA:92,6
DA:97,0
DA:98,0
DA:99,0
DA:100,0
DA:104,0
DA:105,0
DA:106,0
DA:107,0
DA:108,0
DA:110,0
DA:111,0
DA:112,0
DA:116,0
DA:117,0
DA:118,0
DA:119,0
DA:121,0
DA:122,0
DA:123,0
DA:125,0
DA:126,0
DA:127,0
DA:128,0
DA:129,0
DA:135,0
DA:136,0
DA:141,1
DA:142,0
DA:143,0
DA:144,0
DA:145,0
DA:146,0
DA:147,0
DA:148,0
LF:81
LH:29
BRDA:13,0,0,1
BRDA:34,1,0,0
BRDA:38,2,0,0
BRDA:79,3,0,1
BRDA:98,4,0,0
BRDA:98,4,1,0
BRDA:103,5,0,0
BRDA:106,6,0,0
BRDA:118,7,0,0
BRDA:118,7,1,0
BRDA:118,8,0,0
BRDA:118,8,1,0
BRDA:122,9,0,0
BRDA:127,10,0,0
BRDA:127,10,1,0
BRDA:127,11,0,0
BRDA:127,11,1,0
BRDA:127,12,0,0
BRDA:127,12,1,0
BRDA:127,13,0,0
BRDA:127,13,1,0
BRDA:145,14,0,0
BRDA:145,14,1,0
BRDA:148,15,0,0
BRF:24
BRH:2
end_of_record
TN:
SF:src/player/player.ts
FN:21,(anonymous_0)
FN:26,(anonymous_1)
FN:30,(anonymous_2)
FN:34,(anonymous_3)
FN:38,(anonymous_4)
FN:44,(anonymous_5)
FN:50,(anonymous_6)
FN:51,(anonymous_7)
FNF:8
FNH:6
FNDA:14,(anonymous_0)
FNDA:20,(anonymous_1)
FNDA:1,(anonymous_2)
FNDA:5,(anonymous_3)
FNDA:4,(anonymous_4)
FNDA:17,(anonymous_5)
FNDA:0,(anonymous_6)
FNDA:0,(anonymous_7)
DA:15,2
DA:18,14
DA:22,14
DA:23,14
DA:27,20
DA:31,1
DA:35,5
DA:39,4
DA:40,4
DA:41,4
DA:45,17
DA:50,2
DA:51,2
LF:13
LH:13
BRF:0
BRH:0
end_of_record
